  main.cpp
D:\1allproject\1168_Robot_Homework\09_finalwork\09_finalwork\main.cpp(25,28): warning C4244: “参数”: 从“_Tp”转换到“float”，可能丢失数据
D:\1allproject\1168_Robot_Homework\09_finalwork\09_finalwork\main.cpp(25,28): warning C4244:         with
D:\1allproject\1168_Robot_Homework\09_finalwork\09_finalwork\main.cpp(25,28): warning C4244:         [
D:\1allproject\1168_Robot_Homework\09_finalwork\09_finalwork\main.cpp(25,28): warning C4244:             _Tp=int
D:\1allproject\1168_Robot_Homework\09_finalwork\09_finalwork\main.cpp(25,28): warning C4244:         ]
D:\1allproject\1168_Robot_Homework\09_finalwork\09_finalwork\main.cpp(25,61): warning C4244: “参数”: 从“_Tp”转换到“float”，可能丢失数据
D:\1allproject\1168_Robot_Homework\09_finalwork\09_finalwork\main.cpp(25,61): warning C4244:         with
D:\1allproject\1168_Robot_Homework\09_finalwork\09_finalwork\main.cpp(25,61): warning C4244:         [
D:\1allproject\1168_Robot_Homework\09_finalwork\09_finalwork\main.cpp(25,61): warning C4244:             _Tp=int
D:\1allproject\1168_Robot_Homework\09_finalwork\09_finalwork\main.cpp(25,61): warning C4244:         ]
D:\1allproject\1168_Robot_Homework\09_finalwork\09_finalwork\main.cpp(26,19): warning C4244: “参数”: 从“double”转换到“float”，可能丢失数据
D:\1allproject\1168_Robot_Homework\09_finalwork\09_finalwork\main.cpp(58,201): warning C4244: “=”: 从“int”转换到“float”，可能丢失数据
D:\1allproject\1168_Robot_Homework\09_finalwork\09_finalwork\main.cpp(59,201): warning C4244: “=”: 从“int”转换到“float”，可能丢失数据
D:\1allproject\1168_Robot_Homework\09_finalwork\09_finalwork\main.cpp(60,31): warning C4244: “=”: 从“_Tp”转换到“float”，可能丢失数据
D:\1allproject\1168_Robot_Homework\09_finalwork\09_finalwork\main.cpp(60,31): warning C4244:         with
D:\1allproject\1168_Robot_Homework\09_finalwork\09_finalwork\main.cpp(60,31): warning C4244:         [
D:\1allproject\1168_Robot_Homework\09_finalwork\09_finalwork\main.cpp(60,31): warning C4244:             _Tp=int
D:\1allproject\1168_Robot_Homework\09_finalwork\09_finalwork\main.cpp(60,31): warning C4244:         ]
D:\1allproject\1168_Robot_Homework\09_finalwork\09_finalwork\main.cpp(61,31): warning C4244: “=”: 从“_Tp”转换到“float”，可能丢失数据
D:\1allproject\1168_Robot_Homework\09_finalwork\09_finalwork\main.cpp(61,31): warning C4244:         with
D:\1allproject\1168_Robot_Homework\09_finalwork\09_finalwork\main.cpp(61,31): warning C4244:         [
D:\1allproject\1168_Robot_Homework\09_finalwork\09_finalwork\main.cpp(61,31): warning C4244:             _Tp=int
D:\1allproject\1168_Robot_Homework\09_finalwork\09_finalwork\main.cpp(61,31): warning C4244:         ]
D:\1allproject\1168_Robot_Homework\09_finalwork\09_finalwork\main.cpp(66,123): warning C4244: “参数”: 从“float”转换到“_Tp”，可能丢失数据
D:\1allproject\1168_Robot_Homework\09_finalwork\09_finalwork\main.cpp(66,123): warning C4244:         with
D:\1allproject\1168_Robot_Homework\09_finalwork\09_finalwork\main.cpp(66,123): warning C4244:         [
D:\1allproject\1168_Robot_Homework\09_finalwork\09_finalwork\main.cpp(66,123): warning C4244:             _Tp=int
D:\1allproject\1168_Robot_Homework\09_finalwork\09_finalwork\main.cpp(66,123): warning C4244:         ]
D:\1allproject\1168_Robot_Homework\09_finalwork\09_finalwork\main.cpp(66,76): warning C4244: “参数”: 从“float”转换到“_Tp”，可能丢失数据
D:\1allproject\1168_Robot_Homework\09_finalwork\09_finalwork\main.cpp(66,76): warning C4244:         with
D:\1allproject\1168_Robot_Homework\09_finalwork\09_finalwork\main.cpp(66,76): warning C4244:         [
D:\1allproject\1168_Robot_Homework\09_finalwork\09_finalwork\main.cpp(66,76): warning C4244:             _Tp=int
D:\1allproject\1168_Robot_Homework\09_finalwork\09_finalwork\main.cpp(66,76): warning C4244:         ]
D:\1allproject\1168_Robot_Homework\09_finalwork\09_finalwork\main.cpp(68,119): warning C4244: “参数”: 从“float”转换到“_Tp”，可能丢失数据
D:\1allproject\1168_Robot_Homework\09_finalwork\09_finalwork\main.cpp(68,119): warning C4244:         with
D:\1allproject\1168_Robot_Homework\09_finalwork\09_finalwork\main.cpp(68,119): warning C4244:         [
D:\1allproject\1168_Robot_Homework\09_finalwork\09_finalwork\main.cpp(68,119): warning C4244:             _Tp=int
D:\1allproject\1168_Robot_Homework\09_finalwork\09_finalwork\main.cpp(68,119): warning C4244:         ]
D:\1allproject\1168_Robot_Homework\09_finalwork\09_finalwork\main.cpp(68,72): warning C4244: “参数”: 从“float”转换到“_Tp”，可能丢失数据
D:\1allproject\1168_Robot_Homework\09_finalwork\09_finalwork\main.cpp(68,72): warning C4244:         with
D:\1allproject\1168_Robot_Homework\09_finalwork\09_finalwork\main.cpp(68,72): warning C4244:         [
D:\1allproject\1168_Robot_Homework\09_finalwork\09_finalwork\main.cpp(68,72): warning C4244:             _Tp=int
D:\1allproject\1168_Robot_Homework\09_finalwork\09_finalwork\main.cpp(68,72): warning C4244:         ]
D:\1allproject\1168_Robot_Homework\09_finalwork\09_finalwork\main.cpp(70,81): warning C4244: “参数”: 从“float”转换到“_Tp”，可能丢失数据
D:\1allproject\1168_Robot_Homework\09_finalwork\09_finalwork\main.cpp(70,81): warning C4244:         with
D:\1allproject\1168_Robot_Homework\09_finalwork\09_finalwork\main.cpp(70,81): warning C4244:         [
D:\1allproject\1168_Robot_Homework\09_finalwork\09_finalwork\main.cpp(70,81): warning C4244:             _Tp=int
D:\1allproject\1168_Robot_Homework\09_finalwork\09_finalwork\main.cpp(70,81): warning C4244:         ]
D:\1allproject\1168_Robot_Homework\09_finalwork\09_finalwork\main.cpp(70,43): warning C4244: “参数”: 从“float”转换到“_Tp”，可能丢失数据
D:\1allproject\1168_Robot_Homework\09_finalwork\09_finalwork\main.cpp(70,43): warning C4244:         with
D:\1allproject\1168_Robot_Homework\09_finalwork\09_finalwork\main.cpp(70,43): warning C4244:         [
D:\1allproject\1168_Robot_Homework\09_finalwork\09_finalwork\main.cpp(70,43): warning C4244:             _Tp=int
D:\1allproject\1168_Robot_Homework\09_finalwork\09_finalwork\main.cpp(70,43): warning C4244:         ]
D:\1allproject\1168_Robot_Homework\09_finalwork\09_finalwork\main.cpp(180,12): warning C4244: “初始化”: 从“double”转换到“int”，可能丢失数据
D:\1allproject\1168_Robot_Homework\09_finalwork\09_finalwork\main.cpp(195,6): warning C4326: “main”的返回类型应为“int”而非“void”
D:\1allproject\1168_Robot_Homework\09_finalwork\09_finalwork\main.cpp(220,10): warning C4244: “初始化”: 从“int64”转换到“int”，可能丢失数据
D:\1allproject\1168_Robot_Homework\09_finalwork\09_finalwork\main.cpp(270,78): warning C4244: “=”: 从“double”转换到“_Ty”，可能丢失数据
D:\1allproject\1168_Robot_Homework\09_finalwork\09_finalwork\main.cpp(270,78): warning C4244:         with
D:\1allproject\1168_Robot_Homework\09_finalwork\09_finalwork\main.cpp(270,78): warning C4244:         [
D:\1allproject\1168_Robot_Homework\09_finalwork\09_finalwork\main.cpp(270,78): warning C4244:             _Ty=float
D:\1allproject\1168_Robot_Homework\09_finalwork\09_finalwork\main.cpp(270,78): warning C4244:         ]
D:\1allproject\1168_Robot_Homework\09_finalwork\09_finalwork\main.cpp(274,18): warning C4244: “初始化”: 从“_Ty”转换到“int”，可能丢失数据
D:\1allproject\1168_Robot_Homework\09_finalwork\09_finalwork\main.cpp(274,18): warning C4244:         with
D:\1allproject\1168_Robot_Homework\09_finalwork\09_finalwork\main.cpp(274,18): warning C4244:         [
D:\1allproject\1168_Robot_Homework\09_finalwork\09_finalwork\main.cpp(274,18): warning C4244:             _Ty=float
D:\1allproject\1168_Robot_Homework\09_finalwork\09_finalwork\main.cpp(274,18): warning C4244:         ]
D:\1allproject\1168_Robot_Homework\09_finalwork\09_finalwork\main.cpp(280,24): warning C4244: “=”: 从“_Ty”转换到“int”，可能丢失数据
D:\1allproject\1168_Robot_Homework\09_finalwork\09_finalwork\main.cpp(280,24): warning C4244:         with
D:\1allproject\1168_Robot_Homework\09_finalwork\09_finalwork\main.cpp(280,24): warning C4244:         [
D:\1allproject\1168_Robot_Homework\09_finalwork\09_finalwork\main.cpp(280,24): warning C4244:             _Ty=float
D:\1allproject\1168_Robot_Homework\09_finalwork\09_finalwork\main.cpp(280,24): warning C4244:         ]
D:\1allproject\1168_Robot_Homework\09_finalwork\09_finalwork\main.cpp(316,10): warning C4244: “初始化”: 从“int64”转换到“int”，可能丢失数据
D:\1allproject\1168_Robot_Homework\09_finalwork\09_finalwork\main.cpp(317,41): warning C4244: “=”: 从“double”转换到“float”，可能丢失数据
D:\1allproject\1168_Robot_Homework\09_finalwork\09_finalwork\main.cpp(219,11): warning C4101: “t2”: 未引用的局部变量
D:\1allproject\1168_Robot_Homework\09_finalwork\09_finalwork\main.cpp(219,7): warning C4101: “t1”: 未引用的局部变量
D:\1allproject\1168_Robot_Homework\09_finalwork\09_finalwork\main.cpp(75,1): warning C4715: “predict::predictpoint”: 不是所有的控件路径都返回值
  09_finalwork.vcxproj -> D:\1allproject\1168_Robot_Homework\09_finalwork\x64\Debug\09_finalwork.exe
